<?xml version="1.0" encoding="UTF-8"?>
<!-- Generated by org.testng.reporters.JUnitReportReporter -->
<testsuite hostname="zoint-Latitude-E6420" failures="0" tests="11" name="com.tudresden.seleniumwebdriver.seleniumsamples.FirstElementTest" time="21.314" errors="0" timestamp="2021-03-27T14:03:27 CET" skipped="4">
  <testcase classname="com.tudresden.seleniumwebdriver.seleniumsamples.FirstElementTest" name="screenRecordingSeleniumBmwFactoryWest" time="2.528"/>
  <system-out/>
  <testcase classname="com.tudresden.seleniumwebdriver.seleniumsamples.FirstElementTest" name="screenRecordingSeleniumTeslaGuardHouse" time="5.085"/>
  <system-out/>
  <testcase classname="com.tudresden.seleniumwebdriver.seleniumsamples.FirstElementTest" name="screenRecordingSeleniumBmwFactory" time="2.628"/>
  <system-out/>
  <testcase classname="com.tudresden.seleniumwebdriver.seleniumsamples.FirstElementTest" name="screenRecordingSeleniumBmwFactoryNorth" time="2.913"/>
  <system-out/>
  <testcase classname="com.tudresden.seleniumwebdriver.seleniumsamples.FirstElementTest" name="screenRecordingSeleniumIntelSouth" time="2.606"/>
  <system-out/>
  <testcase classname="com.tudresden.seleniumwebdriver.seleniumsamples.FirstElementTest" name="screenRecordingSeleniumBmwFactorySouth" time="2.633"/>
  <system-out/>
  <testcase classname="com.tudresden.seleniumwebdriver.seleniumsamples.FirstElementTest" name="screenRecordingSeleniumBmwFactoryEast" time="2.921"/>
  <system-out/>
  <testcase classname="com.tudresden.seleniumwebdriver.seleniumsamples.FirstElementTest" name="elementSendKeysCompositeExamples">
    <skipped/>
  </testcase> <!-- elementSendKeysCompositeExamples -->
  <system-out/>
  <testcase classname="com.tudresden.seleniumwebdriver.seleniumsamples.FirstElementTest" name="elementClearExample">
    <skipped/>
  </testcase> <!-- elementClearExample -->
  <system-out/>
  <testcase classname="com.tudresden.seleniumwebdriver.seleniumsamples.FirstElementTest" name="elementGetAttributesExample">
    <skipped/>
  </testcase> <!-- elementGetAttributesExample -->
  <system-out/>
  <testcase classname="com.tudresden.seleniumwebdriver.seleniumsamples.FirstElementTest" name="elementSendKeysExample">
    <skipped/>
  </testcase> <!-- elementSendKeysExample -->
  <system-out/>
</testsuite> <!-- com.tudresden.seleniumwebdriver.seleniumsamples.FirstElementTest -->
